#
# There is insufficient memory for the Java Runtime Environment to continue.
# Native memory allocation (malloc) failed to allocate 1048576 bytes. Error detail: AllocateHeap
# Possible reasons:
#   The system is out of physical RAM or swap space
#   This process is running with CompressedOops enabled, and the Java Heap may be blocking the growth of the native heap
# Possible solutions:
#   Reduce memory load on the system
#   Increase physical memory or swap space
#   Check if swap backing store is full
#   Decrease Java heap size (-Xmx/-Xms)
#   Decrease number of Java threads
#   Decrease Java thread stack sizes (-Xss)
#   Set larger code cache with -XX:ReservedCodeCacheSize=
#   JVM is running with Unscaled Compressed Oops mode in which the Java heap is
#     placed in the first 4GB address space. The Java Heap base address is the
#     maximum limit for the native heap growth. Please use -XX:HeapBaseMinAddress
#     to set the Java Heap base and to place the Java Heap above 4GB virtual address.
# This output file may be truncated or incomplete.
#
#  Out of Memory Error (allocation.cpp:44), pid=2796, tid=9424
#
# JRE version: OpenJDK Runtime Environment Temurin-21.0.7+6 (21.0.7+6) (build 21.0.7+6-LTS)
# Java VM: OpenJDK 64-Bit Server VM Temurin-21.0.7+6 (21.0.7+6-LTS, mixed mode, sharing, tiered, compressed oops, compressed class ptrs, g1 gc, windows-amd64)
# No core dump will be written. Minidumps are not enabled by default on client versions of Windows
#

---------------  S U M M A R Y ------------

Command Line: -Dcom.sun.management.jmxremote -Dcom.sun.management.jmxremote.port=53990 -Dcom.sun.management.jmxremote.authenticate=false -Dcom.sun.management.jmxremote.ssl=false -Dspring.jmx.enabled=true -Djava.rmi.server.hostname=localhost -Dspring.application.admin.enabled=true -Dspring.boot.project.name=report -XX:+ShowCodeDetailsInExceptionMessages com.optimumtech.api_report.report.ReportApplication

Host: Intel(R) Core(TM) i5-1035G4 CPU @ 1.10GHz, 8 cores, 3G,  Windows 11 , 64 bit Build 26100 (10.0.26100.3912)
Time: Sun May 25 18:43:19 2025 Hora est. Sudamérica Pacífico elapsed time: 3380.144638 seconds (0d 0h 56m 20s)

---------------  T H R E A D  ---------------

Current thread (0x0000029ac7f6ccf0):  VMThread "VM Thread"          [id=9424, stack(0x000000d521400000,0x000000d521500000) (1024K)]

Stack: [0x000000d521400000,0x000000d521500000]
Native frames: (J=compiled Java code, j=interpreted, Vv=VM code, C=native code)
V  [jvm.dll+0x6ce119]
V  [jvm.dll+0x8a84a1]
V  [jvm.dll+0x8aa9ce]
V  [jvm.dll+0x8ab0b3]
V  [jvm.dll+0x27f8a6]
V  [jvm.dll+0xbfba7]
V  [jvm.dll+0x346802]
V  [jvm.dll+0x34127e]
V  [jvm.dll+0x329b78]
V  [jvm.dll+0x36be04]
V  [jvm.dll+0x8b0dcf]
V  [jvm.dll+0x8b2154]
V  [jvm.dll+0x8b2690]
V  [jvm.dll+0x8b2933]
V  [jvm.dll+0x851f6b]
V  [jvm.dll+0x6cc7dd]
C  [ucrtbase.dll+0x37b0]
C  [KERNEL32.DLL+0x2e8d7]
C  [ntdll.dll+0x9c5dc]

VM_Operation (0x000000d520bfed00): G1CollectFull, mode: safepoint, requested by thread 0x0000029b1091cd40


---------------  P R O C E S S  ---------------

Threads class SMR info:
_java_thread_list=0x0000029ac8ad28a0, length=20, elements={
0x0000029ac7f8df20, 0x0000029ac7f90a80, 0x0000029ac7f960a0, 0x0000029ac7f98b00,
0x0000029ac7f99550, 0x0000029ac7f9a0d0, 0x0000029ac7fab4c0, 0x0000029ac7fabf50,
0x0000029ac7f5cd50, 0x0000029ac817ce80, 0x0000029ac877d7a0, 0x0000029ac880c3f0,
0x0000029ac886ecf0, 0x0000029ac8650010, 0x0000029b10923cd0, 0x0000029b1091c6b0,
0x0000029b1091fb30, 0x0000029b12b8f180, 0x0000029b12b8fea0, 0x0000029b1091cd40
}

Java Threads: ( => current thread )
  0x0000029ac7f8df20 JavaThread "Reference Handler"          daemon [_thread_blocked, id=18456, stack(0x000000d521500000,0x000000d521600000) (1024K)]
  0x0000029ac7f90a80 JavaThread "Finalizer"                  daemon [_thread_blocked, id=18740, stack(0x000000d521600000,0x000000d521700000) (1024K)]
  0x0000029ac7f960a0 JavaThread "Signal Dispatcher"          daemon [_thread_blocked, id=13800, stack(0x000000d521700000,0x000000d521800000) (1024K)]
  0x0000029ac7f98b00 JavaThread "Attach Listener"            daemon [_thread_blocked, id=4648, stack(0x000000d521800000,0x000000d521900000) (1024K)]
  0x0000029ac7f99550 JavaThread "Service Thread"             daemon [_thread_blocked, id=13832, stack(0x000000d521900000,0x000000d521a00000) (1024K)]
  0x0000029ac7f9a0d0 JavaThread "Monitor Deflation Thread"   daemon [_thread_blocked, id=4292, stack(0x000000d521a00000,0x000000d521b00000) (1024K)]
  0x0000029ac7fab4c0 JavaThread "C2 CompilerThread0"         daemon [_thread_blocked, id=19708, stack(0x000000d521b00000,0x000000d521c00000) (1024K)]
  0x0000029ac7fabf50 JavaThread "C1 CompilerThread0"         daemon [_thread_blocked, id=344, stack(0x000000d521c00000,0x000000d521d00000) (1024K)]
  0x0000029ac7f5cd50 JavaThread "Common-Cleaner"             daemon [_thread_blocked, id=19076, stack(0x000000d521d00000,0x000000d521e00000) (1024K)]
  0x0000029ac817ce80 JavaThread "Notification Thread"        daemon [_thread_blocked, id=18340, stack(0x000000d521e00000,0x000000d521f00000) (1024K)]
  0x0000029ac877d7a0 JavaThread "RMI TCP Accept-0"           daemon [_thread_in_native, id=7844, stack(0x000000d521f00000,0x000000d522000000) (1024K)]
  0x0000029ac880c3f0 JavaThread "RMI TCP Accept-53990"       daemon [_thread_in_native, id=10456, stack(0x000000d522000000,0x000000d522100000) (1024K)]
  0x0000029ac886ecf0 JavaThread "RMI TCP Accept-0"           daemon [_thread_in_native, id=19148, stack(0x000000d522100000,0x000000d522200000) (1024K)]
  0x0000029ac8650010 JavaThread "mysql-cj-abandoned-connection-cleanup" daemon [_thread_blocked, id=13236, stack(0x000000d523000000,0x000000d523100000) (1024K)]
  0x0000029b10923cd0 JavaThread "DestroyJavaVM"                     [_thread_blocked, id=8568, stack(0x000000d520d00000,0x000000d520e00000) (1024K)]
  0x0000029b1091c6b0 JavaThread "Java2D Disposer"            daemon [_thread_blocked, id=18256, stack(0x000000d520a00000,0x000000d520b00000) (1024K)]
  0x0000029b1091fb30 JavaThread "File Watcher"               daemon [_thread_blocked, id=964, stack(0x000000d520c00000,0x000000d520d00000) (1024K)]
  0x0000029b12b8f180 JavaThread "Catalina-utility-1"                [_thread_blocked, id=15928, stack(0x000000d522900000,0x000000d522a00000) (1024K)]
  0x0000029b12b8fea0 JavaThread "Catalina-utility-2"                [_thread_blocked, id=19696, stack(0x000000d522d00000,0x000000d522e00000) (1024K)]
  0x0000029b1091cd40 JavaThread "Thread-20"                         [_thread_blocked, id=20864, stack(0x000000d520b00000,0x000000d520c00000) (1024K)]
Total: 20

Other Threads:
=>0x0000029ac7f6ccf0 VMThread "VM Thread"                           [id=9424, stack(0x000000d521400000,0x000000d521500000) (1024K)]
  0x0000029ac7f5c0b0 WatcherThread "VM Periodic Task Thread"        [id=18700, stack(0x000000d521300000,0x000000d521400000) (1024K)]
  0x0000029ab1d9c9c0 WorkerThread "GC Thread#0"                     [id=14384, stack(0x000000d520e00000,0x000000d520f00000) (1024K)]
  0x0000029ac8b1cc10 WorkerThread "GC Thread#1"                     [id=11660, stack(0x000000d522200000,0x000000d522300000) (1024K)]
  0x0000029ac8a42630 WorkerThread "GC Thread#2"                     [id=17152, stack(0x000000d522300000,0x000000d522400000) (1024K)]
  0x0000029b0e11b070 WorkerThread "GC Thread#3"                     [id=20788, stack(0x000000d522400000,0x000000d522500000) (1024K)]
  0x0000029b0e11b810 WorkerThread "GC Thread#4"                     [id=14788, stack(0x000000d522500000,0x000000d522600000) (1024K)]
  0x0000029b0e11bfc0 WorkerThread "GC Thread#5"                     [id=13396, stack(0x000000d522600000,0x000000d522700000) (1024K)]
  0x0000029b0e11c360 WorkerThread "GC Thread#6"                     [id=19544, stack(0x000000d522700000,0x000000d522800000) (1024K)]
  0x0000029b0e11cf10 WorkerThread "GC Thread#7"                     [id=5908, stack(0x000000d522800000,0x000000d522900000) (1024K)]
  0x0000029ab1da61e0 ConcurrentGCThread "G1 Main Marker"            [id=720, stack(0x000000d520f00000,0x000000d521000000) (1024K)]
  0x0000029ab1da7480 WorkerThread "G1 Conc#0"                       [id=7760, stack(0x000000d521000000,0x000000d521100000) (1024K)]
  0x0000029b0f592160 WorkerThread "G1 Conc#1"                       [id=8840, stack(0x000000d522c00000,0x000000d522d00000) (1024K)]
  0x0000029ac7e310a0 ConcurrentGCThread "G1 Refine#0"               [id=18400, stack(0x000000d521100000,0x000000d521200000) (1024K)]
  0x0000029ac7e31ab0 ConcurrentGCThread "G1 Service"                [id=19328, stack(0x000000d521200000,0x000000d521300000) (1024K)]
Total: 15

Threads with active compile tasks:
Total: 0

VM state: at safepoint (normal execution)

VM Mutex/Monitor currently owned by a thread:  ([mutex/lock_event])
[0x00007ff8e7a9e308] Threads_lock - owner thread: 0x0000029ac7f6ccf0
[0x00007ff8e7a9e408] Heap_lock - owner thread: 0x0000029b1091cd40

Heap address: 0x00000000c3200000, size: 974 MB, Compressed Oops mode: 32-bit

CDS archive(s) mapped at: [0x0000029ac9000000-0x0000029ac9ba0000-0x0000029ac9ba0000), size 12189696, SharedBaseAddress: 0x0000029ac9000000, ArchiveRelocationMode: 1.
Compressed class space mapped at: 0x0000029aca000000-0x0000029b0a000000, reserved size: 1073741824
Narrow klass base: 0x0000029ac9000000, Narrow klass shift: 0, Narrow klass range: 0x100000000

GC Precious Log:
 CardTable entry size: 512
 Card Set container configuration: InlinePtr #cards 5 size 8 Array Of Cards #cards 12 size 40 Howl #buckets 4 coarsen threshold 1843 Howl Bitmap #cards 512 size 80 coarsen threshold 460 Card regions per heap region 1 cards per card region 2048
 CPUs: 8 total, 8 available
 Memory: 3891M
 Large Page Support: Disabled
 NUMA Support: Disabled
 Compressed Oops: Enabled (32-bit)
 Heap Region Size: 1M
 Heap Min Capacity: 8M
 Heap Initial Capacity: 62M
 Heap Max Capacity: 974M
 Pre-touch: Disabled
 Parallel Workers: 8
 Concurrent Workers: 2
 Concurrent Refinement Workers: 8
 Periodic GC: Disabled

Heap:
 garbage-first heap   total 83968K, used 60788K [0x00000000c3200000, 0x0000000100000000)
  region size 1024K, 33 young (33792K), 3 survivors (3072K)
 Metaspace       used 71096K, committed 71744K, reserved 1114112K
  class space    used 8905K, committed 9216K, reserved 1048576K

Heap Regions: E=young(eden), S=young(survivor), O=old, HS=humongous(starts), HC=humongous(continues), CS=collection set, F=free, TAMS=top-at-mark-start, PB=parsable bottom
|   0|0x00000000c3200000, 0x00000000c3300000, 0x00000000c3300000|100%|HS|  |TAMS 0x00000000c3200000| PB 0x00000000c3200000| Complete 
|   1|0x00000000c3300000, 0x00000000c3400000, 0x00000000c3400000|100%|HS|  |TAMS 0x00000000c3300000| PB 0x00000000c3300000| Complete 
|   2|0x00000000c3400000, 0x00000000c3500000, 0x00000000c3500000|100%| O|  |TAMS 0x00000000c3400000| PB 0x00000000c3400000| Untracked 
|   3|0x00000000c3500000, 0x00000000c3600000, 0x00000000c3600000|100%| O|  |TAMS 0x00000000c3500000| PB 0x00000000c3500000| Untracked 
|   4|0x00000000c3600000, 0x00000000c3700000, 0x00000000c3700000|100%| O|  |TAMS 0x00000000c3600000| PB 0x00000000c3600000| Untracked 
|   5|0x00000000c3700000, 0x00000000c37ffff8, 0x00000000c3800000| 99%| O|  |TAMS 0x00000000c3700000| PB 0x00000000c3700000| Untracked 
|   6|0x00000000c3800000, 0x00000000c38ffff0, 0x00000000c3900000| 99%| O|  |TAMS 0x00000000c3800000| PB 0x00000000c3800000| Untracked 
|   7|0x00000000c3900000, 0x00000000c39ffff8, 0x00000000c3a00000| 99%| O|  |TAMS 0x00000000c3900000| PB 0x00000000c3900000| Untracked 
|   8|0x00000000c3a00000, 0x00000000c3afffd8, 0x00000000c3b00000| 99%| O|  |TAMS 0x00000000c3a00000| PB 0x00000000c3a00000| Untracked 
|   9|0x00000000c3b00000, 0x00000000c3bfffd0, 0x00000000c3c00000| 99%| O|  |TAMS 0x00000000c3b00000| PB 0x00000000c3b00000| Untracked 
|  10|0x00000000c3c00000, 0x00000000c3d00000, 0x00000000c3d00000|100%| O|  |TAMS 0x00000000c3c00000| PB 0x00000000c3c00000| Untracked 
|  11|0x00000000c3d00000, 0x00000000c3dfffb0, 0x00000000c3e00000| 99%| O|  |TAMS 0x00000000c3d00000| PB 0x00000000c3d00000| Untracked 
|  12|0x00000000c3e00000, 0x00000000c3f00000, 0x00000000c3f00000|100%| O|  |TAMS 0x00000000c3e00000| PB 0x00000000c3e00000| Untracked 
|  13|0x00000000c3f00000, 0x00000000c4000000, 0x00000000c4000000|100%| O|  |TAMS 0x00000000c3f00000| PB 0x00000000c3f00000| Untracked 
|  14|0x00000000c4000000, 0x00000000c40ffff8, 0x00000000c4100000| 99%| O|  |TAMS 0x00000000c4000000| PB 0x00000000c4000000| Untracked 
|  15|0x00000000c4100000, 0x00000000c4200000, 0x00000000c4200000|100%| O|  |TAMS 0x00000000c4100000| PB 0x00000000c4100000| Untracked 
|  16|0x00000000c4200000, 0x00000000c42ffff0, 0x00000000c4300000| 99%| O|  |TAMS 0x00000000c4200000| PB 0x00000000c4200000| Untracked 
|  17|0x00000000c4300000, 0x00000000c43fffe8, 0x00000000c4400000| 99%| O|  |TAMS 0x00000000c4300000| PB 0x00000000c4300000| Untracked 
|  18|0x00000000c4400000, 0x00000000c44fe390, 0x00000000c4500000| 99%| O|  |TAMS 0x00000000c4400000| PB 0x00000000c4400000| Untracked 
|  19|0x00000000c4500000, 0x00000000c45fff70, 0x00000000c4600000| 99%| O|  |TAMS 0x00000000c4500000| PB 0x00000000c4500000| Untracked 
|  20|0x00000000c4600000, 0x00000000c46ffff8, 0x00000000c4700000| 99%| O|  |TAMS 0x00000000c4600000| PB 0x00000000c4600000| Untracked 
|  21|0x00000000c4700000, 0x00000000c47fffe8, 0x00000000c4800000| 99%| O|  |TAMS 0x00000000c4700000| PB 0x00000000c4700000| Untracked 
|  22|0x00000000c4800000, 0x00000000c48fff80, 0x00000000c4900000| 99%| O|  |TAMS 0x00000000c4800000| PB 0x00000000c4800000| Untracked 
|  23|0x00000000c4900000, 0x00000000c49ffff0, 0x00000000c4a00000| 99%| O|  |TAMS 0x00000000c4900000| PB 0x00000000c4900000| Untracked 
|  24|0x00000000c4a00000, 0x00000000c4aa4d78, 0x00000000c4b00000| 64%| O|  |TAMS 0x00000000c4a00000| PB 0x00000000c4a00000| Untracked 
|  25|0x00000000c4b00000, 0x00000000c4bfffe8, 0x00000000c4c00000| 99%| O|  |TAMS 0x00000000c4b00000| PB 0x00000000c4b00000| Untracked 
|  26|0x00000000c4c00000, 0x00000000c4cfffd0, 0x00000000c4d00000| 99%| O|  |TAMS 0x00000000c4c00000| PB 0x00000000c4c00000| Untracked 
|  27|0x00000000c4d00000, 0x00000000c4d47df0, 0x00000000c4e00000| 28%| O|  |TAMS 0x00000000c4d00000| PB 0x00000000c4d00000| Untracked 
|  28|0x00000000c4e00000, 0x00000000c4e56150, 0x00000000c4f00000| 33%| O|  |TAMS 0x00000000c4e00000| PB 0x00000000c4e00000| Untracked 
|  29|0x00000000c4f00000, 0x00000000c4f00000, 0x00000000c5000000|  0%| F|  |TAMS 0x00000000c4f00000| PB 0x00000000c4f00000| Untracked 
|  30|0x00000000c5000000, 0x00000000c5100000, 0x00000000c5100000|100%| O|  |TAMS 0x00000000c5000000| PB 0x00000000c5000000| Untracked 
|  31|0x00000000c5100000, 0x00000000c5140cb8, 0x00000000c5200000| 25%| O|  |TAMS 0x00000000c5100000| PB 0x00000000c5100000| Untracked 
|  32|0x00000000c5200000, 0x00000000c5200000, 0x00000000c5300000|  0%| F|  |TAMS 0x00000000c5200000| PB 0x00000000c5200000| Untracked 
|  33|0x00000000c5300000, 0x00000000c5300000, 0x00000000c5400000|  0%| F|  |TAMS 0x00000000c5300000| PB 0x00000000c5300000| Untracked 
|  34|0x00000000c5400000, 0x00000000c5400000, 0x00000000c5500000|  0%| F|  |TAMS 0x00000000c5400000| PB 0x00000000c5400000| Untracked 
|  35|0x00000000c5500000, 0x00000000c5528370, 0x00000000c5600000| 15%| O|Cm|TAMS 0x00000000c5500000| PB 0x00000000c5500000| Complete 
|  36|0x00000000c5600000, 0x00000000c5600000, 0x00000000c5700000|  0%| F|  |TAMS 0x00000000c5600000| PB 0x00000000c5600000| Untracked 
|  37|0x00000000c5700000, 0x00000000c57b3430, 0x00000000c5800000| 70%| S|CS|TAMS 0x00000000c5700000| PB 0x00000000c5700000| Complete 
|  38|0x00000000c5800000, 0x00000000c5900000, 0x00000000c5900000|100%| S|CS|TAMS 0x00000000c5800000| PB 0x00000000c5800000| Complete 
|  39|0x00000000c5900000, 0x00000000c5a00000, 0x00000000c5a00000|100%| S|CS|TAMS 0x00000000c5900000| PB 0x00000000c5900000| Complete 
|  40|0x00000000c5a00000, 0x00000000c5a00000, 0x00000000c5b00000|  0%| F|  |TAMS 0x00000000c5a00000| PB 0x00000000c5a00000| Untracked 
|  41|0x00000000c5b00000, 0x00000000c5b00000, 0x00000000c5c00000|  0%| F|  |TAMS 0x00000000c5b00000| PB 0x00000000c5b00000| Untracked 
|  42|0x00000000c5c00000, 0x00000000c5c00000, 0x00000000c5d00000|  0%| F|  |TAMS 0x00000000c5c00000| PB 0x00000000c5c00000| Untracked 
|  43|0x00000000c5d00000, 0x00000000c5d00000, 0x00000000c5e00000|  0%| F|  |TAMS 0x00000000c5d00000| PB 0x00000000c5d00000| Untracked 
|  44|0x00000000c5e00000, 0x00000000c5e00000, 0x00000000c5f00000|  0%| F|  |TAMS 0x00000000c5e00000| PB 0x00000000c5e00000| Untracked 
|  45|0x00000000c5f00000, 0x00000000c5f00000, 0x00000000c6000000|  0%| F|  |TAMS 0x00000000c5f00000| PB 0x00000000c5f00000| Untracked 
|  46|0x00000000c6000000, 0x00000000c6000000, 0x00000000c6100000|  0%| F|  |TAMS 0x00000000c6000000| PB 0x00000000c6000000| Untracked 
|  47|0x00000000c6100000, 0x00000000c6100000, 0x00000000c6200000|  0%| F|  |TAMS 0x00000000c6100000| PB 0x00000000c6100000| Untracked 
|  48|0x00000000c6200000, 0x00000000c6200000, 0x00000000c6300000|  0%| F|  |TAMS 0x00000000c6200000| PB 0x00000000c6200000| Untracked 
|  49|0x00000000c6300000, 0x00000000c6300000, 0x00000000c6400000|  0%| F|  |TAMS 0x00000000c6300000| PB 0x00000000c6300000| Untracked 
|  50|0x00000000c6400000, 0x00000000c6400000, 0x00000000c6500000|  0%| F|  |TAMS 0x00000000c6400000| PB 0x00000000c6400000| Untracked 
|  51|0x00000000c6500000, 0x00000000c6500000, 0x00000000c6600000|  0%| F|  |TAMS 0x00000000c6500000| PB 0x00000000c6500000| Untracked 
|  52|0x00000000c6600000, 0x00000000c6641930, 0x00000000c6700000| 25%| E|  |TAMS 0x00000000c6600000| PB 0x00000000c6600000| Complete 
|  53|0x00000000c6700000, 0x00000000c6800000, 0x00000000c6800000|100%| E|CS|TAMS 0x00000000c6700000| PB 0x00000000c6700000| Complete 
|  54|0x00000000c6800000, 0x00000000c6900000, 0x00000000c6900000|100%| E|CS|TAMS 0x00000000c6800000| PB 0x00000000c6800000| Complete 
|  55|0x00000000c6900000, 0x00000000c6a00000, 0x00000000c6a00000|100%| E|CS|TAMS 0x00000000c6900000| PB 0x00000000c6900000| Complete 
|  56|0x00000000c6a00000, 0x00000000c6b00000, 0x00000000c6b00000|100%| E|CS|TAMS 0x00000000c6a00000| PB 0x00000000c6a00000| Complete 
|  57|0x00000000c6b00000, 0x00000000c6c00000, 0x00000000c6c00000|100%| E|CS|TAMS 0x00000000c6b00000| PB 0x00000000c6b00000| Complete 
|  58|0x00000000c6c00000, 0x00000000c6d00000, 0x00000000c6d00000|100%| E|CS|TAMS 0x00000000c6c00000| PB 0x00000000c6c00000| Complete 
|  59|0x00000000c6d00000, 0x00000000c6e00000, 0x00000000c6e00000|100%| E|CS|TAMS 0x00000000c6d00000| PB 0x00000000c6d00000| Complete 
|  60|0x00000000c6e00000, 0x00000000c6f00000, 0x00000000c6f00000|100%| E|CS|TAMS 0x00000000c6e00000| PB 0x00000000c6e00000| Complete 
|  61|0x00000000c6f00000, 0x00000000c7000000, 0x00000000c7000000|100%| E|CS|TAMS 0x00000000c6f00000| PB 0x00000000c6f00000| Complete 
|  62|0x00000000c7000000, 0x00000000c7100000, 0x00000000c7100000|100%| E|CS|TAMS 0x00000000c7000000| PB 0x00000000c7000000| Complete 
|  63|0x00000000c7100000, 0x00000000c7200000, 0x00000000c7200000|100%| E|CS|TAMS 0x00000000c7100000| PB 0x00000000c7100000| Complete 
|  64|0x00000000c7200000, 0x00000000c7300000, 0x00000000c7300000|100%| E|CS|TAMS 0x00000000c7200000| PB 0x00000000c7200000| Complete 
|  65|0x00000000c7300000, 0x00000000c7400000, 0x00000000c7400000|100%| E|CS|TAMS 0x00000000c7300000| PB 0x00000000c7300000| Complete 
|  66|0x00000000c7400000, 0x00000000c7500000, 0x00000000c7500000|100%| E|CS|TAMS 0x00000000c7400000| PB 0x00000000c7400000| Complete 
|  67|0x00000000c7500000, 0x00000000c7600000, 0x00000000c7600000|100%| E|CS|TAMS 0x00000000c7500000| PB 0x00000000c7500000| Complete 
|  68|0x00000000c7600000, 0x00000000c7700000, 0x00000000c7700000|100%| E|CS|TAMS 0x00000000c7600000| PB 0x00000000c7600000| Complete 
|  69|0x00000000c7700000, 0x00000000c7800000, 0x00000000c7800000|100%| E|CS|TAMS 0x00000000c7700000| PB 0x00000000c7700000| Complete 
|  70|0x00000000c7800000, 0x00000000c7900000, 0x00000000c7900000|100%| E|CS|TAMS 0x00000000c7800000| PB 0x00000000c7800000| Complete 
|  71|0x00000000c7900000, 0x00000000c7a00000, 0x00000000c7a00000|100%| E|CS|TAMS 0x00000000c7900000| PB 0x00000000c7900000| Complete 
|  72|0x00000000c7a00000, 0x00000000c7b00000, 0x00000000c7b00000|100%| E|  |TAMS 0x00000000c7a00000| PB 0x00000000c7a00000| Complete 
|  73|0x00000000c7b00000, 0x00000000c7c00000, 0x00000000c7c00000|100%| E|CS|TAMS 0x00000000c7b00000| PB 0x00000000c7b00000| Complete 
|  74|0x00000000c7c00000, 0x00000000c7d00000, 0x00000000c7d00000|100%| E|CS|TAMS 0x00000000c7c00000| PB 0x00000000c7c00000| Complete 
|  75|0x00000000c7d00000, 0x00000000c7e00000, 0x00000000c7e00000|100%| E|CS|TAMS 0x00000000c7d00000| PB 0x00000000c7d00000| Complete 
|  76|0x00000000c7e00000, 0x00000000c7f00000, 0x00000000c7f00000|100%| E|CS|TAMS 0x00000000c7e00000| PB 0x00000000c7e00000| Complete 
|  77|0x00000000c7f00000, 0x00000000c8000000, 0x00000000c8000000|100%| E|CS|TAMS 0x00000000c7f00000| PB 0x00000000c7f00000| Complete 
|  78|0x00000000c8000000, 0x00000000c8100000, 0x00000000c8100000|100%| E|CS|TAMS 0x00000000c8000000| PB 0x00000000c8000000| Complete 
|  79|0x00000000c8100000, 0x00000000c8200000, 0x00000000c8200000|100%| E|CS|TAMS 0x00000000c8100000| PB 0x00000000c8100000| Complete 
| 972|0x00000000ffe00000, 0x00000000fff00000, 0x00000000fff00000|100%| E|CS|TAMS 0x00000000ffe00000| PB 0x00000000ffe00000| Complete 
| 973|0x00000000fff00000, 0x0000000100000000, 0x0000000100000000|100%| E|CS|TAMS 0x00000000fff00000| PB 0x00000000fff00000| Complete 

Card table byte_map: [0x0000029ac4460000,0x0000029ac4650000] _byte_map_base: 0x0000029ac3e47000

Marking Bits: (CMBitMap*) 0x0000029ab1d9d0c0
 Bits: [0x0000029ac4650000, 0x0000029ac5588000)

Polling page: 0x0000029aafbb0000

Metaspace:

Usage:
  Non-class:     60.73 MB used.
      Class:      8.70 MB used.
       Both:     69.43 MB used.

Virtual space:
  Non-class space:       64.00 MB reserved,      61.06 MB ( 95%) committed,  1 nodes.
      Class space:        1.00 GB reserved,       9.00 MB ( <1%) committed,  1 nodes.
             Both:        1.06 GB reserved,      70.06 MB (  6%) committed. 

Chunk freelists:
   Non-Class:  2.96 MB
       Class:  7.03 MB
        Both:  9.99 MB

MaxMetaspaceSize: unlimited
CompressedClassSpaceSize: 1.00 GB
Initial GC threshold: 21.00 MB
Current GC threshold: 116.50 MB
CDS: on
 - commit_granule_bytes: 65536.
 - commit_granule_words: 8192.
 - virtual_space_node_default_size: 8388608.
 - enlarge_chunks_in_place: 1.
 - use_allocation_guard: 0.


Internal statistics:

num_allocs_failed_limit: 11.
num_arena_births: 1368.
num_arena_deaths: 566.
num_vsnodes_births: 2.
num_vsnodes_deaths: 0.
num_space_committed: 1120.
num_space_uncommitted: 0.
num_chunks_returned_to_freelist: 665.
num_chunks_taken_from_freelist: 3961.
num_chunk_merges: 182.
num_chunk_splits: 2597.
num_chunks_enlarged: 1887.
num_inconsistent_stats: 0.

CodeHeap 'non-profiled nmethods': size=120000Kb used=4752Kb max_used=4762Kb free=115247Kb
 bounds [0x0000029abca10000, 0x0000029abcec0000, 0x0000029ac3f40000]
CodeHeap 'profiled nmethods': size=120000Kb used=10400Kb max_used=11606Kb free=109599Kb
 bounds [0x0000029ab4f40000, 0x0000029ab5ac0000, 0x0000029abc470000]
CodeHeap 'non-nmethods': size=5760Kb used=2037Kb max_used=2089Kb free=3722Kb
 bounds [0x0000029abc470000, 0x0000029abc6e0000, 0x0000029abca10000]
 total_blobs=5747 nmethods=4929 adapters=720
 compilation: enabled
              stopped_count=0, restarted_count=0
 full_count=0

Compilation events (20 events):
Event: 3375.417 Thread 0x0000029ac7fabf50 nmethod 9562 0x0000029abce75190 code [0x0000029abce75320, 0x0000029abce753e8]
Event: 3375.425 Thread 0x0000029ac7fab4c0 nmethod 9557 0x0000029abcdb4190 code [0x0000029abcdb4400, 0x0000029abcdb4bd8]
Event: 3375.425 Thread 0x0000029ac7fab4c0 9561       4       org.springframework.core.annotation.AnnotationAwareOrderComparator::findOrder (18 bytes)
Event: 3375.436 Thread 0x0000029ac7fabf50 9563       3       org.springframework.core.ResolvableType::resolveBounds (19 bytes)
Event: 3375.436 Thread 0x0000029ac7fabf50 nmethod 9563 0x0000029ab55e7190 code [0x0000029ab55e7340, 0x0000029ab55e74f0]
Event: 3375.490 Thread 0x0000029ac7fab4c0 nmethod 9561 0x0000029abceb6910 code [0x0000029abceb6be0, 0x0000029abceb7848]
Event: 3378.000 Thread 0x0000029ac7fabf50 9564       3       org.springframework.util.AntPathMatcher::tokenizePath (14 bytes)
Event: 3378.004 Thread 0x0000029ac7fabf50 nmethod 9564 0x0000029ab55ae690 code [0x0000029ab55ae840, 0x0000029ab55ae990]
Event: 3378.008 Thread 0x0000029ac7fab4c0 9565       4       java.util.regex.Pattern$TreeInfo::reset (21 bytes)
Event: 3378.009 Thread 0x0000029ac7fab4c0 nmethod 9565 0x0000029abca66f90 code [0x0000029abca67120, 0x0000029abca671b8]
Event: 3378.032 Thread 0x0000029ac7fabf50 9566       3       java.io.PrintStream::ensureOpen (18 bytes)
Event: 3378.034 Thread 0x0000029ac7fabf50 nmethod 9566 0x0000029ab56a0410 code [0x0000029ab56a05c0, 0x0000029ab56a07c8]
Event: 3378.327 Thread 0x0000029ac7fabf50 9567       1       java.lang.Thread::threadContainer (5 bytes)
Event: 3378.328 Thread 0x0000029ac7fabf50 nmethod 9567 0x0000029abcd55810 code [0x0000029abcd559a0, 0x0000029abcd55a68]
Event: 3378.328 Thread 0x0000029ac7fabf50 9568       3       org.apache.tomcat.util.threads.ThreadPoolExecutor::runStateAtLeast (11 bytes)
Event: 3378.329 Thread 0x0000029ac7fabf50 nmethod 9568 0x0000029ab5649790 code [0x0000029ab5649920, 0x0000029ab5649a60]
Event: 3378.355 Thread 0x0000029ac7fabf50 9569       1       ch.qos.logback.core.ContextBase::getStatusManager (5 bytes)
Event: 3378.356 Thread 0x0000029ac7fabf50 nmethod 9569 0x0000029abcafa790 code [0x0000029abcafa920, 0x0000029abcafa9e8]
Event: 3378.643 Thread 0x0000029ac7fabf50 9570       3       com.mysql.cj.protocol.ExportControlled::isSSLEstablished (18 bytes)
Event: 3378.644 Thread 0x0000029ac7fabf50 nmethod 9570 0x0000029ab56a2490 code [0x0000029ab56a2640, 0x0000029ab56a27f0]

GC Heap History (20 events):
Event: 2575.848 GC heap after
{Heap after GC invocations=29 (full 1):
 garbage-first heap   total 65536K, used 34381K [0x00000000c3200000, 0x0000000100000000)
  region size 1024K, 4 young (4096K), 4 survivors (4096K)
 Metaspace       used 70348K, committed 71040K, reserved 1114112K
  class space    used 8901K, committed 9216K, reserved 1048576K
}
Event: 2755.092 GC heap before
{Heap before GC invocations=30 (full 1):
 garbage-first heap   total 65536K, used 41549K [0x00000000c3200000, 0x0000000100000000)
  region size 1024K, 12 young (12288K), 4 survivors (4096K)
 Metaspace       used 70297K, committed 71040K, reserved 1114112K
  class space    used 8883K, committed 9216K, reserved 1048576K
}
Event: 2764.458 GC heap after
{Heap after GC invocations=31 (full 2):
 garbage-first heap   total 65536K, used 29062K [0x00000000c3200000, 0x0000000100000000)
  region size 1024K, 0 young (0K), 0 survivors (0K)
 Metaspace       used 70297K, committed 71040K, reserved 1114112K
  class space    used 8883K, committed 9216K, reserved 1048576K
}
Event: 2766.640 GC heap before
{Heap before GC invocations=31 (full 2):
 garbage-first heap   total 65536K, used 52614K [0x00000000c3200000, 0x0000000100000000)
  region size 1024K, 24 young (24576K), 0 survivors (0K)
 Metaspace       used 70395K, committed 71104K, reserved 1114112K
  class space    used 8886K, committed 9216K, reserved 1048576K
}
Event: 2766.653 GC heap after
{Heap after GC invocations=32 (full 2):
 garbage-first heap   total 65536K, used 31697K [0x00000000c3200000, 0x0000000100000000)
  region size 1024K, 3 young (3072K), 3 survivors (3072K)
 Metaspace       used 70395K, committed 71104K, reserved 1114112K
  class space    used 8886K, committed 9216K, reserved 1048576K
}
Event: 2767.451 GC heap before
{Heap before GC invocations=33 (full 2):
 garbage-first heap   total 65536K, used 53201K [0x00000000c3200000, 0x0000000100000000)
  region size 1024K, 25 young (25600K), 3 survivors (3072K)
 Metaspace       used 70527K, committed 71232K, reserved 1114112K
  class space    used 8885K, committed 9216K, reserved 1048576K
}
Event: 2767.462 GC heap after
{Heap after GC invocations=34 (full 2):
 garbage-first heap   total 65536K, used 34105K [0x00000000c3200000, 0x0000000100000000)
  region size 1024K, 3 young (3072K), 3 survivors (3072K)
 Metaspace       used 70527K, committed 71232K, reserved 1114112K
  class space    used 8885K, committed 9216K, reserved 1048576K
}
Event: 3106.550 GC heap before
{Heap before GC invocations=34 (full 2):
 garbage-first heap   total 65536K, used 54585K [0x00000000c3200000, 0x0000000100000000)
  region size 1024K, 23 young (23552K), 3 survivors (3072K)
 Metaspace       used 70623K, committed 71296K, reserved 1114112K
  class space    used 8889K, committed 9216K, reserved 1048576K
}
Event: 3106.645 GC heap after
{Heap after GC invocations=35 (full 2):
 garbage-first heap   total 65536K, used 34516K [0x00000000c3200000, 0x0000000100000000)
  region size 1024K, 1 young (1024K), 1 survivors (1024K)
 Metaspace       used 70623K, committed 71296K, reserved 1114112K
  class space    used 8889K, committed 9216K, reserved 1048576K
}
Event: 3274.227 GC heap before
{Heap before GC invocations=35 (full 2):
 garbage-first heap   total 65536K, used 41684K [0x00000000c3200000, 0x0000000100000000)
  region size 1024K, 9 young (9216K), 1 survivors (1024K)
 Metaspace       used 70629K, committed 71296K, reserved 1114112K
  class space    used 8889K, committed 9216K, reserved 1048576K
}
Event: 3276.722 GC heap after
{Heap after GC invocations=36 (full 3):
 garbage-first heap   total 65536K, used 29208K [0x00000000c3200000, 0x0000000100000000)
  region size 1024K, 0 young (0K), 0 survivors (0K)
 Metaspace       used 70626K, committed 71296K, reserved 1114112K
  class space    used 8889K, committed 9216K, reserved 1048576K
}
Event: 3287.120 GC heap before
{Heap before GC invocations=36 (full 3):
 garbage-first heap   total 65536K, used 52760K [0x00000000c3200000, 0x0000000100000000)
  region size 1024K, 24 young (24576K), 0 survivors (0K)
 Metaspace       used 70692K, committed 71360K, reserved 1114112K
  class space    used 8891K, committed 9216K, reserved 1048576K
}
Event: 3287.190 GC heap after
{Heap after GC invocations=37 (full 3):
 garbage-first heap   total 65536K, used 31875K [0x00000000c3200000, 0x0000000100000000)
  region size 1024K, 3 young (3072K), 3 survivors (3072K)
 Metaspace       used 70692K, committed 71360K, reserved 1114112K
  class space    used 8891K, committed 9216K, reserved 1048576K
}
Event: 3290.573 GC heap before
{Heap before GC invocations=38 (full 3):
 garbage-first heap   total 65536K, used 54403K [0x00000000c3200000, 0x0000000100000000)
  region size 1024K, 26 young (26624K), 3 survivors (3072K)
 Metaspace       used 70795K, committed 71488K, reserved 1114112K
  class space    used 8892K, committed 9216K, reserved 1048576K
}
Event: 3290.608 GC heap after
{Heap after GC invocations=39 (full 3):
 garbage-first heap   total 65536K, used 34577K [0x00000000c3200000, 0x0000000100000000)
  region size 1024K, 3 young (3072K), 3 survivors (3072K)
 Metaspace       used 70795K, committed 71488K, reserved 1114112K
  class space    used 8892K, committed 9216K, reserved 1048576K
}
Event: 3358.468 GC heap before
{Heap before GC invocations=39 (full 3):
 garbage-first heap   total 65536K, used 41745K [0x00000000c3200000, 0x0000000100000000)
  region size 1024K, 11 young (11264K), 3 survivors (3072K)
 Metaspace       used 70890K, committed 71552K, reserved 1114112K
  class space    used 8897K, committed 9216K, reserved 1048576K
}
Event: 3361.705 GC heap after
{Heap after GC invocations=40 (full 4):
 garbage-first heap   total 65536K, used 29351K [0x00000000c3200000, 0x0000000100000000)
  region size 1024K, 0 young (0K), 0 survivors (0K)
 Metaspace       used 70887K, committed 71552K, reserved 1114112K
  class space    used 8896K, committed 9216K, reserved 1048576K
}
Event: 3369.326 GC heap before
{Heap before GC invocations=40 (full 4):
 garbage-first heap   total 65536K, used 52903K [0x00000000c3200000, 0x0000000100000000)
  region size 1024K, 24 young (24576K), 0 survivors (0K)
 Metaspace       used 70929K, committed 71616K, reserved 1114112K
  class space    used 8899K, committed 9216K, reserved 1048576K
}
Event: 3369.665 GC heap after
{Heap after GC invocations=41 (full 4):
 garbage-first heap   total 83968K, used 32116K [0x00000000c3200000, 0x0000000100000000)
  region size 1024K, 3 young (3072K), 3 survivors (3072K)
 Metaspace       used 70929K, committed 71616K, reserved 1114112K
  class space    used 8899K, committed 9216K, reserved 1048576K
}
Event: 3379.093 GC heap before
{Heap before GC invocations=42 (full 4):
 garbage-first heap   total 83968K, used 60788K [0x00000000c3200000, 0x0000000100000000)
  region size 1024K, 33 young (33792K), 3 survivors (3072K)
 Metaspace       used 71096K, committed 71744K, reserved 1114112K
  class space    used 8905K, committed 9216K, reserved 1048576K
}

Dll operation events (14 events):
Event: 0.023 Loaded shared library C:\Users\tabat\.vscode\extensions\redhat.java-1.42.0-win32-x64\jre\21.0.7-win32-x86_64\bin\java.dll
Event: 0.100 Loaded shared library C:\Users\tabat\.vscode\extensions\redhat.java-1.42.0-win32-x64\jre\21.0.7-win32-x86_64\bin\zip.dll
Event: 0.257 Loaded shared library C:\Users\tabat\.vscode\extensions\redhat.java-1.42.0-win32-x64\jre\21.0.7-win32-x86_64\bin\jimage.dll
Event: 0.286 Loaded shared library C:\Users\tabat\.vscode\extensions\redhat.java-1.42.0-win32-x64\jre\21.0.7-win32-x86_64\bin\net.dll
Event: 0.290 Loaded shared library C:\Users\tabat\.vscode\extensions\redhat.java-1.42.0-win32-x64\jre\21.0.7-win32-x86_64\bin\nio.dll
Event: 0.295 Loaded shared library C:\Users\tabat\.vscode\extensions\redhat.java-1.42.0-win32-x64\jre\21.0.7-win32-x86_64\bin\zip.dll
Event: 0.424 Loaded shared library C:\Users\tabat\.vscode\extensions\redhat.java-1.42.0-win32-x64\jre\21.0.7-win32-x86_64\bin\management.dll
Event: 0.450 Loaded shared library C:\Users\tabat\.vscode\extensions\redhat.java-1.42.0-win32-x64\jre\21.0.7-win32-x86_64\bin\management_ext.dll
Event: 1.089 Loaded shared library C:\Users\tabat\.vscode\extensions\redhat.java-1.42.0-win32-x64\jre\21.0.7-win32-x86_64\bin\extnet.dll
Event: 8.975 Loaded shared library C:\Users\tabat\.vscode\extensions\redhat.java-1.42.0-win32-x64\jre\21.0.7-win32-x86_64\bin\sunmscapi.dll
Event: 11.822 Loaded shared library C:\Users\tabat\.vscode\extensions\redhat.java-1.42.0-win32-x64\jre\21.0.7-win32-x86_64\bin\verify.dll
Event: 116.430 Loaded shared library C:\Users\tabat\.vscode\extensions\redhat.java-1.42.0-win32-x64\jre\21.0.7-win32-x86_64\bin\awt.dll
Event: 116.768 Loaded shared library C:\Users\tabat\.vscode\extensions\redhat.java-1.42.0-win32-x64\jre\21.0.7-win32-x86_64\bin\freetype.dll
Event: 116.813 Loaded shared library C:\Users\tabat\.vscode\extensions\redhat.java-1.42.0-win32-x64\jre\21.0.7-win32-x86_64\bin\fontmanager.dll

Deoptimization events (20 events):
Event: 3370.498 Thread 0x0000029b12b8d0b0 DEOPT PACKING pc=0x0000029abcb05f74 sp=0x000000d522bfcd80
Event: 3370.498 Thread 0x0000029b12b8d0b0 DEOPT UNPACKING pc=0x0000029abc4c7da2 sp=0x000000d522bfcd30 mode 2
Event: 3371.962 Thread 0x0000029b12b8d0b0 DEOPT PACKING pc=0x0000029ab5822fbb sp=0x000000d522bfd340
Event: 3371.962 Thread 0x0000029b12b8d0b0 DEOPT UNPACKING pc=0x0000029abc4c88e2 sp=0x000000d522bfc878 mode 0
Event: 3374.112 Thread 0x0000029b12b8d0b0 Uncommon trap: trap_request=0xffffffd6 fr.pc=0x0000029abcbb7264 relative=0x00000000000003a4
Event: 3374.112 Thread 0x0000029b12b8d0b0 Uncommon trap: reason=array_check action=maybe_recompile pc=0x0000029abcbb7264 method=java.util.LinkedHashMap.keysToArray([Ljava/lang/Object;Z)[Ljava/lang/Object; @ 67 c2
Event: 3374.112 Thread 0x0000029b12b8d0b0 DEOPT PACKING pc=0x0000029abcbb7264 sp=0x000000d522bfb580
Event: 3374.113 Thread 0x0000029b12b8d0b0 DEOPT UNPACKING pc=0x0000029abc4c7da2 sp=0x000000d522bfb520 mode 2
Event: 3374.113 Thread 0x0000029b12b8d0b0 Uncommon trap: trap_request=0xffffffd6 fr.pc=0x0000029abcbb7264 relative=0x00000000000003a4
Event: 3374.113 Thread 0x0000029b12b8d0b0 Uncommon trap: reason=array_check action=maybe_recompile pc=0x0000029abcbb7264 method=java.util.LinkedHashMap.keysToArray([Ljava/lang/Object;Z)[Ljava/lang/Object; @ 67 c2
Event: 3374.113 Thread 0x0000029b12b8d0b0 DEOPT PACKING pc=0x0000029abcbb7264 sp=0x000000d522bfac40
Event: 3374.113 Thread 0x0000029b12b8d0b0 DEOPT UNPACKING pc=0x0000029abc4c7da2 sp=0x000000d522bfabe0 mode 2
Event: 3374.119 Thread 0x0000029b12b8d0b0 Uncommon trap: trap_request=0xffffffd6 fr.pc=0x0000029abcbb7264 relative=0x00000000000003a4
Event: 3374.119 Thread 0x0000029b12b8d0b0 Uncommon trap: reason=array_check action=maybe_recompile pc=0x0000029abcbb7264 method=java.util.LinkedHashMap.keysToArray([Ljava/lang/Object;Z)[Ljava/lang/Object; @ 67 c2
Event: 3374.119 Thread 0x0000029b12b8d0b0 DEOPT PACKING pc=0x0000029abcbb7264 sp=0x000000d522bfac40
Event: 3374.119 Thread 0x0000029b12b8d0b0 DEOPT UNPACKING pc=0x0000029abc4c7da2 sp=0x000000d522bfabe0 mode 2
Event: 3374.131 Thread 0x0000029b12b8d0b0 Uncommon trap: trap_request=0xffffffd6 fr.pc=0x0000029abcbb7264 relative=0x00000000000003a4
Event: 3374.131 Thread 0x0000029b12b8d0b0 Uncommon trap: reason=array_check action=maybe_recompile pc=0x0000029abcbb7264 method=java.util.LinkedHashMap.keysToArray([Ljava/lang/Object;Z)[Ljava/lang/Object; @ 67 c2
Event: 3374.131 Thread 0x0000029b12b8d0b0 DEOPT PACKING pc=0x0000029abcbb7264 sp=0x000000d522bfd460
Event: 3374.131 Thread 0x0000029b12b8d0b0 DEOPT UNPACKING pc=0x0000029abc4c7da2 sp=0x000000d522bfd400 mode 2

Classes loaded (20 events):
Event: 1392.821 Loading class javax/net/ssl/SSLSocket
Event: 1392.840 Loading class javax/net/ssl/SSLSocket done
Event: 1392.844 Loading class javax/crypto/NoSuchPaddingException
Event: 1392.847 Loading class javax/crypto/NoSuchPaddingException done
Event: 1392.849 Loading class javax/crypto/IllegalBlockSizeException
Event: 1392.851 Loading class javax/crypto/IllegalBlockSizeException done
Event: 1392.853 Loading class javax/crypto/BadPaddingException
Event: 1392.856 Loading class javax/crypto/BadPaddingException done
Event: 2505.793 Loading class java/util/concurrent/locks/AbstractQueuedSynchronizer$SharedNode
Event: 2505.807 Loading class java/util/concurrent/locks/AbstractQueuedSynchronizer$SharedNode done
Event: 2507.922 Loading class java/util/WeakHashMap$KeyIterator
Event: 2507.929 Loading class java/util/WeakHashMap$KeyIterator done
Event: 2509.731 Loading class java/lang/ref/Finalizer$2
Event: 2509.814 Loading class java/lang/ref/Finalizer$2 done
Event: 2509.814 Loading class java/lang/ref/Finalizer$1
Event: 2509.849 Loading class java/lang/ref/Finalizer$1 done
Event: 2540.440 Loading class java/lang/invoke/WrongMethodTypeException
Event: 2540.503 Loading class java/lang/invoke/WrongMethodTypeException done
Event: 2566.845 Loading class java/time/DurationEditor
Event: 2566.848 Loading class java/time/DurationEditor done

Classes unloaded (20 events):
Event: 2576.224 Thread 0x0000029ac7f6ccf0 Unloading class 0x0000029aca40d000 'java/lang/invoke/LambdaForm$MH+0x0000029aca40d000'
Event: 2576.224 Thread 0x0000029ac7f6ccf0 Unloading class 0x0000029aca40c800 'java/lang/invoke/LambdaForm$MH+0x0000029aca40c800'
Event: 2576.224 Thread 0x0000029ac7f6ccf0 Unloading class 0x0000029aca3f4800 'java/lang/invoke/LambdaForm$MH+0x0000029aca3f4800'
Event: 2576.225 Thread 0x0000029ac7f6ccf0 Unloading class 0x0000029aca3e8800 'java/lang/invoke/LambdaForm$MH+0x0000029aca3e8800'
Event: 2576.225 Thread 0x0000029ac7f6ccf0 Unloading class 0x0000029aca3cd400 'java/lang/invoke/LambdaForm$MH+0x0000029aca3cd400'
Event: 2576.225 Thread 0x0000029ac7f6ccf0 Unloading class 0x0000029aca3cc400 'java/lang/invoke/LambdaForm$MH+0x0000029aca3cc400'
Event: 2576.225 Thread 0x0000029ac7f6ccf0 Unloading class 0x0000029aca151800 'java/lang/invoke/LambdaForm$MH+0x0000029aca151800'
Event: 2576.225 Thread 0x0000029ac7f6ccf0 Unloading class 0x0000029aca139000 'java/lang/invoke/LambdaForm$MH+0x0000029aca139000'
Event: 2576.225 Thread 0x0000029ac7f6ccf0 Unloading class 0x0000029aca105400 'java/lang/invoke/LambdaForm$MH+0x0000029aca105400'
Event: 2576.225 Thread 0x0000029ac7f6ccf0 Unloading class 0x0000029aca0c2000 'java/lang/invoke/LambdaForm$MH+0x0000029aca0c2000'
Event: 2576.225 Thread 0x0000029ac7f6ccf0 Unloading class 0x0000029aca0c1c00 'java/lang/invoke/LambdaForm$MH+0x0000029aca0c1c00'
Event: 2576.225 Thread 0x0000029ac7f6ccf0 Unloading class 0x0000029aca000400 'java/lang/invoke/LambdaForm$MH+0x0000029aca000400'
Event: 2766.696 Thread 0x0000029ac7f6ccf0 Unloading class 0x0000029aca755000 'java/lang/invoke/LambdaForm$MH+0x0000029aca755000'
Event: 2766.696 Thread 0x0000029ac7f6ccf0 Unloading class 0x0000029aca75cc00 'java/lang/invoke/LambdaForm$MH+0x0000029aca75cc00'
Event: 2766.696 Thread 0x0000029ac7f6ccf0 Unloading class 0x0000029aca788000 'java/lang/invoke/LambdaForm$MH+0x0000029aca788000'
Event: 2766.696 Thread 0x0000029ac7f6ccf0 Unloading class 0x0000029aca788c00 'java/lang/invoke/LambdaForm$MH+0x0000029aca788c00'
Event: 2766.696 Thread 0x0000029ac7f6ccf0 Unloading class 0x0000029aca789800 'java/lang/invoke/LambdaForm$MH+0x0000029aca789800'
Event: 2766.696 Thread 0x0000029ac7f6ccf0 Unloading class 0x0000029aca7c9800 'java/lang/invoke/LambdaForm$MH+0x0000029aca7c9800'
Event: 3274.573 Thread 0x0000029ac7f6ccf0 Unloading class 0x0000029aca898800 'org/apache/catalina/loader/JdbcLeakPrevention'
Event: 3359.287 Thread 0x0000029ac7f6ccf0 Unloading class 0x0000029aca184800 'org/apache/catalina/loader/JdbcLeakPrevention'

Classes redefined (0 events):
No events

Internal exceptions (20 events):
Event: 3286.339 Thread 0x0000029b10920850 Exception <a 'java/lang/NoClassDefFoundError'{0x00000000c5b743b0}: liquibase/integration/spring/SpringLiquibase> (0x00000000c5b743b0) 
thrown [s\src\hotspot\share\oops\constantPool.cpp, line 873]
Event: 3286.404 Thread 0x0000029b10920850 Exception <a 'java/lang/NoClassDefFoundError'{0x00000000c5b989b0}: org/jooq/DSLContext> (0x00000000c5b989b0) 
thrown [s\src\hotspot\share\oops\constantPool.cpp, line 873]
Event: 3286.481 Thread 0x0000029b10920850 Exception <a 'java/lang/NoClassDefFoundError'{0x00000000c5bd21b8}: org/springframework/batch/core/repository/JobRepository> (0x00000000c5bd21b8) 
thrown [s\src\hotspot\share\oops\constantPool.cpp, line 873]
Event: 3286.481 Thread 0x0000029b10920850 Exception <a 'java/lang/NoClassDefFoundError'{0x00000000c5bd2810}: org/quartz/Scheduler> (0x00000000c5bd2810) 
thrown [s\src\hotspot\share\oops\constantPool.cpp, line 873]
Event: 3286.481 Thread 0x0000029b10920850 Exception <a 'java/lang/NoClassDefFoundError'{0x00000000c5bd2e90}: org/springframework/session/jdbc/JdbcIndexedSessionRepository> (0x00000000c5bd2e90) 
thrown [s\src\hotspot\share\oops\constantPool.cpp, line 873]
Event: 3288.401 Thread 0x0000029b10920850 Exception <a 'java/io/FileNotFoundException'{0x00000000c6c115f0}> (0x00000000c6c115f0) 
thrown [s\src\hotspot\share\prims\jni.cpp, line 520]
Event: 3288.649 Thread 0x0000029b10920850 Exception <a 'java/io/FileNotFoundException'{0x00000000c6a59928}> (0x00000000c6a59928) 
thrown [s\src\hotspot\share\prims\jni.cpp, line 520]
Event: 3290.786 Thread 0x0000029b10920850 Exception <a 'java/net/BindException'{0x00000000c6fb1b48}: Address already in use: bind> (0x00000000c6fb1b48) 
thrown [s\src\hotspot\share\prims\jni.cpp, line 539]
Event: 3358.440 Thread 0x0000029b1091e780 Exception <a 'java/lang/InterruptedException'{0x00000000c6ae7d38}: sleep interrupted> (0x00000000c6ae7d38) 
thrown [s\src\hotspot\share\prims\jvm.cpp, line 3074]
Event: 3362.573 Thread 0x0000029b12b8d0b0 Exception <a 'sun/nio/fs/WindowsException'{0x00000000fff70828}> (0x00000000fff70828) 
thrown [s\src\hotspot\share\prims\jni.cpp, line 520]
Event: 3367.306 Thread 0x0000029b12b8d0b0 Exception <a 'java/lang/NoClassDefFoundError'{0x00000000c5b4b598}: org/flywaydb/core/Flyway> (0x00000000c5b4b598) 
thrown [s\src\hotspot\share\oops\constantPool.cpp, line 873]
Event: 3367.306 Thread 0x0000029b12b8d0b0 Exception <a 'java/lang/NoClassDefFoundError'{0x00000000c5b4bbf8}: liquibase/integration/spring/SpringLiquibase> (0x00000000c5b4bbf8) 
thrown [s\src\hotspot\share\oops\constantPool.cpp, line 873]
Event: 3367.330 Thread 0x0000029b12b8d0b0 Exception <a 'java/lang/NoClassDefFoundError'{0x00000000c5b6ff50}: org/jooq/DSLContext> (0x00000000c5b6ff50) 
thrown [s\src\hotspot\share\oops\constantPool.cpp, line 873]
Event: 3367.446 Thread 0x0000029b12b8d0b0 Exception <a 'java/lang/NoClassDefFoundError'{0x00000000c5ba9528}: org/springframework/batch/core/repository/JobRepository> (0x00000000c5ba9528) 
thrown [s\src\hotspot\share\oops\constantPool.cpp, line 873]
Event: 3367.446 Thread 0x0000029b12b8d0b0 Exception <a 'java/lang/NoClassDefFoundError'{0x00000000c5ba9b80}: org/quartz/Scheduler> (0x00000000c5ba9b80) 
thrown [s\src\hotspot\share\oops\constantPool.cpp, line 873]
Event: 3367.446 Thread 0x0000029b12b8d0b0 Exception <a 'java/lang/NoClassDefFoundError'{0x00000000c5baa200}: org/springframework/session/jdbc/JdbcIndexedSessionRepository> (0x00000000c5baa200) 
thrown [s\src\hotspot\share\oops\constantPool.cpp, line 873]
Event: 3371.974 Thread 0x0000029b12b8d0b0 Exception <a 'java/io/FileNotFoundException'{0x00000000c7fe41a0}> (0x00000000c7fe41a0) 
thrown [s\src\hotspot\share\prims\jni.cpp, line 520]
Event: 3372.363 Thread 0x0000029b12b8d0b0 Exception <a 'java/io/FileNotFoundException'{0x00000000c7c27018}> (0x00000000c7c27018) 
thrown [s\src\hotspot\share\prims\jni.cpp, line 520]
Event: 3375.243 Thread 0x0000029b12b8d0b0 Exception <a 'java/net/BindException'{0x00000000c6ab5dc0}: Address already in use: bind> (0x00000000c6ab5dc0) 
thrown [s\src\hotspot\share\prims\jni.cpp, line 539]
Event: 3379.084 Thread 0x0000029b12b90530 Exception <a 'java/lang/InterruptedException'{0x00000000c6620d10}: sleep interrupted> (0x00000000c6620d10) 
thrown [s\src\hotspot\share\prims\jvm.cpp, line 3074]

ZGC Phase Switch (0 events):
No events

VM Operations (20 events):
Event: 3369.680 Executing VM operation: G1CollectForAllocation (G1 Evacuation Pause) done
Event: 3370.690 Executing VM operation: Cleanup
Event: 3370.702 Executing VM operation: Cleanup done
Event: 3370.900 Executing VM operation: G1PauseRemark
Event: 3371.075 Executing VM operation: G1PauseRemark done
Event: 3371.092 Executing VM operation: G1PauseCleanup
Event: 3371.092 Executing VM operation: G1PauseCleanup done
Event: 3372.100 Executing VM operation: Cleanup
Event: 3372.116 Executing VM operation: Cleanup done
Event: 3373.129 Executing VM operation: Cleanup
Event: 3373.129 Executing VM operation: Cleanup done
Event: 3374.130 Executing VM operation: Cleanup
Event: 3374.130 Executing VM operation: Cleanup done
Event: 3375.141 Executing VM operation: Cleanup
Event: 3375.141 Executing VM operation: Cleanup done
Event: 3376.156 Executing VM operation: Cleanup
Event: 3376.156 Executing VM operation: Cleanup done
Event: 3378.178 Executing VM operation: Cleanup
Event: 3378.208 Executing VM operation: Cleanup done
Event: 3379.092 Executing VM operation: G1CollectFull (System.gc())

Memory protections (0 events):
No events

Nmethod flushes (20 events):
Event: 3371.068 Thread 0x0000029ac7f6ccf0 flushing  nmethod 0x0000029abca61510
Event: 3371.068 Thread 0x0000029ac7f6ccf0 flushing  nmethod 0x0000029abca91110
Event: 3371.068 Thread 0x0000029ac7f6ccf0 flushing  nmethod 0x0000029ab517bf90
Event: 3371.068 Thread 0x0000029ac7f6ccf0 flushing  nmethod 0x0000029ab520e010
Event: 3371.068 Thread 0x0000029ac7f6ccf0 flushing  nmethod 0x0000029ab523f910
Event: 3371.068 Thread 0x0000029ac7f6ccf0 flushing  nmethod 0x0000029ab524bb10
Event: 3371.068 Thread 0x0000029ac7f6ccf0 flushing  nmethod 0x0000029ab524cd90
Event: 3371.073 Thread 0x0000029ac7f6ccf0 flushing  nmethod 0x0000029ab524d110
Event: 3371.073 Thread 0x0000029ac7f6ccf0 flushing  nmethod 0x0000029ab52d4790
Event: 3371.073 Thread 0x0000029ac7f6ccf0 flushing  nmethod 0x0000029ab532c910
Event: 3371.073 Thread 0x0000029ac7f6ccf0 flushing  nmethod 0x0000029ab5337110
Event: 3371.073 Thread 0x0000029ac7f6ccf0 flushing  nmethod 0x0000029ab5498c10
Event: 3371.073 Thread 0x0000029ac7f6ccf0 flushing  nmethod 0x0000029ab550ec90
Event: 3371.073 Thread 0x0000029ac7f6ccf0 flushing  nmethod 0x0000029ab554b790
Event: 3371.073 Thread 0x0000029ac7f6ccf0 flushing  nmethod 0x0000029ab5761390
Event: 3371.073 Thread 0x0000029ac7f6ccf0 flushing  nmethod 0x0000029ab578e910
Event: 3371.073 Thread 0x0000029ac7f6ccf0 flushing  nmethod 0x0000029ab5873490
Event: 3371.073 Thread 0x0000029ac7f6ccf0 flushing  nmethod 0x0000029ab5a75290
Event: 3371.073 Thread 0x0000029ac7f6ccf0 flushing  nmethod 0x0000029ab5a76710
Event: 3371.073 Thread 0x0000029ac7f6ccf0 flushing  nmethod 0x0000029ab5a78810

Events (20 events):
Event: 3378.067 Thread 0x0000029b12b92c90 Thread exited: 0x0000029b12b92c90
Event: 3378.113 Thread 0x0000029b1091cd40 Thread added: 0x0000029b10920850
Event: 3378.254 Thread 0x0000029b1091e780 Thread exited: 0x0000029b1091e780
Event: 3378.323 Thread 0x0000029b10920850 Thread exited: 0x0000029b10920850
Event: 3378.327 Thread 0x0000029b1091e0f0 Thread exited: 0x0000029b1091e0f0
Event: 3378.328 Thread 0x0000029b12b94040 Thread exited: 0x0000029b12b94040
Event: 3378.328 Thread 0x0000029b1091ee10 Thread exited: 0x0000029b1091ee10
Event: 3378.328 Thread 0x0000029b12b91250 Thread exited: 0x0000029b12b91250
Event: 3378.328 Thread 0x0000029b12b918e0 Thread exited: 0x0000029b12b918e0
Event: 3378.328 Thread 0x0000029b12b939b0 Thread exited: 0x0000029b12b939b0
Event: 3378.328 Thread 0x0000029b12b91f70 Thread exited: 0x0000029b12b91f70
Event: 3378.344 Thread 0x0000029b12b93320 Thread exited: 0x0000029b12b93320
Event: 3378.347 Thread 0x0000029b12b90bc0 Thread exited: 0x0000029b12b90bc0
Event: 3378.355 Thread 0x0000029b12b92600 Thread exited: 0x0000029b12b92600
Event: 3378.355 Thread 0x0000029b12b946d0 Thread exited: 0x0000029b12b946d0
Event: 3378.475 Thread 0x0000029b1091cd40 Thread added: 0x0000029b10920850
Event: 3378.481 Thread 0x0000029b12b8e460 Thread exited: 0x0000029b12b8e460
Event: 3378.482 Thread 0x0000029b12b8d740 Thread exited: 0x0000029b12b8d740
Event: 3378.644 Thread 0x0000029b10920850 Thread exited: 0x0000029b10920850
Event: 3379.085 Thread 0x0000029b12b90530 Thread exited: 0x0000029b12b90530


Dynamic libraries:
0x00007ff70fcf0000 - 0x00007ff70fcfe000 	C:\Users\tabat\.vscode\extensions\redhat.java-1.42.0-win32-x64\jre\21.0.7-win32-x86_64\bin\java.exe
0x00007ff9760a0000 - 0x00007ff976306000 	C:\WINDOWS\SYSTEM32\ntdll.dll
0x00007ff974550000 - 0x00007ff974619000 	C:\WINDOWS\System32\KERNEL32.DLL
0x00007ff9734f0000 - 0x00007ff9738bc000 	C:\WINDOWS\System32\KERNELBASE.dll
0x00007ff973230000 - 0x00007ff97337b000 	C:\WINDOWS\System32\ucrtbase.dll
0x00007ff96d350000 - 0x00007ff96d36e000 	C:\Users\tabat\.vscode\extensions\redhat.java-1.42.0-win32-x64\jre\21.0.7-win32-x86_64\bin\VCRUNTIME140.dll
0x00007ff96d370000 - 0x00007ff96d388000 	C:\Users\tabat\.vscode\extensions\redhat.java-1.42.0-win32-x64\jre\21.0.7-win32-x86_64\bin\jli.dll
0x00007ff975390000 - 0x00007ff97555a000 	C:\WINDOWS\System32\USER32.dll
0x00007ff9734c0000 - 0x00007ff9734e7000 	C:\WINDOWS\System32\win32u.dll
0x00007ff975980000 - 0x00007ff9759ab000 	C:\WINDOWS\System32\GDI32.dll
0x00007ff973380000 - 0x00007ff9734b2000 	C:\WINDOWS\System32\gdi32full.dll
0x00007ff9655c0000 - 0x00007ff96585a000 	C:\WINDOWS\WinSxS\amd64_microsoft.windows.common-controls_6595b64144ccf1df_6.0.26100.3912_none_3e07963ce335137e\COMCTL32.dll
0x00007ff973960000 - 0x00007ff973a03000 	C:\WINDOWS\System32\msvcp_win.dll
0x00007ff9755e0000 - 0x00007ff975689000 	C:\WINDOWS\System32\msvcrt.dll
0x00007ff975f00000 - 0x00007ff975f30000 	C:\WINDOWS\System32\IMM32.DLL
0x00007ff965900000 - 0x00007ff96590c000 	C:\Users\tabat\.vscode\extensions\redhat.java-1.42.0-win32-x64\jre\21.0.7-win32-x86_64\bin\vcruntime140_1.dll
0x00007ff919d30000 - 0x00007ff919dbd000 	C:\Users\tabat\.vscode\extensions\redhat.java-1.42.0-win32-x64\jre\21.0.7-win32-x86_64\bin\msvcp140.dll
0x00007ff8e6df0000 - 0x00007ff8e7b80000 	C:\Users\tabat\.vscode\extensions\redhat.java-1.42.0-win32-x64\jre\21.0.7-win32-x86_64\bin\server\jvm.dll
0x00007ff973e60000 - 0x00007ff973f12000 	C:\WINDOWS\System32\ADVAPI32.dll
0x00007ff975700000 - 0x00007ff9757a6000 	C:\WINDOWS\System32\sechost.dll
0x00007ff975f40000 - 0x00007ff976056000 	C:\WINDOWS\System32\RPCRT4.dll
0x00007ff975560000 - 0x00007ff9755d4000 	C:\WINDOWS\System32\WS2_32.dll
0x00007ff965fa0000 - 0x00007ff965fd6000 	C:\WINDOWS\SYSTEM32\WINMM.dll
0x00007ff96cc80000 - 0x00007ff96cc8b000 	C:\WINDOWS\SYSTEM32\VERSION.dll
0x00007ff9730a0000 - 0x00007ff9730fe000 	C:\WINDOWS\SYSTEM32\POWRPROF.dll
0x00007ff973080000 - 0x00007ff973094000 	C:\WINDOWS\SYSTEM32\UMPDC.dll
0x00007ff971ff0000 - 0x00007ff97200a000 	C:\WINDOWS\SYSTEM32\kernel.appcore.dll
0x00007ff9658f0000 - 0x00007ff9658fa000 	C:\Users\tabat\.vscode\extensions\redhat.java-1.42.0-win32-x64\jre\21.0.7-win32-x86_64\bin\jimage.dll
0x00007ff970ba0000 - 0x00007ff970de1000 	C:\WINDOWS\SYSTEM32\DBGHELP.DLL
0x00007ff975aa0000 - 0x00007ff975e24000 	C:\WINDOWS\System32\combase.dll
0x00007ff974e00000 - 0x00007ff974ee0000 	C:\WINDOWS\System32\OLEAUT32.dll
0x00007ff9658b0000 - 0x00007ff9658e9000 	C:\WINDOWS\SYSTEM32\dbgcore.DLL
0x00007ff9738c0000 - 0x00007ff973959000 	C:\WINDOWS\System32\bcryptPrimitives.dll
0x00007ff96d320000 - 0x00007ff96d33f000 	C:\Users\tabat\.vscode\extensions\redhat.java-1.42.0-win32-x64\jre\21.0.7-win32-x86_64\bin\java.dll
0x00007ff9746d0000 - 0x00007ff974dfd000 	C:\WINDOWS\System32\SHELL32.dll
0x00007ff973ad0000 - 0x00007ff973c44000 	C:\WINDOWS\System32\wintypes.dll
0x00007ff970ee0000 - 0x00007ff971736000 	C:\WINDOWS\SYSTEM32\windows.storage.dll
0x00007ff974100000 - 0x00007ff9741ef000 	C:\WINDOWS\System32\SHCORE.dll
0x00007ff975690000 - 0x00007ff9756f9000 	C:\WINDOWS\System32\shlwapi.dll
0x00007ff973140000 - 0x00007ff97316f000 	C:\WINDOWS\SYSTEM32\profapi.dll
0x00007ff9605c0000 - 0x00007ff9605d8000 	C:\Users\tabat\.vscode\extensions\redhat.java-1.42.0-win32-x64\jre\21.0.7-win32-x86_64\bin\zip.dll
0x00007ff96d310000 - 0x00007ff96d320000 	C:\Users\tabat\.vscode\extensions\redhat.java-1.42.0-win32-x64\jre\21.0.7-win32-x86_64\bin\net.dll
0x00007ff969dc0000 - 0x00007ff969ede000 	C:\WINDOWS\SYSTEM32\WINHTTP.dll
0x00007ff972560000 - 0x00007ff9725ca000 	C:\WINDOWS\system32\mswsock.dll
0x00007ff96d2f0000 - 0x00007ff96d306000 	C:\Users\tabat\.vscode\extensions\redhat.java-1.42.0-win32-x64\jre\21.0.7-win32-x86_64\bin\nio.dll
0x00007ff96f900000 - 0x00007ff96f90a000 	C:\Users\tabat\.vscode\extensions\redhat.java-1.42.0-win32-x64\jre\21.0.7-win32-x86_64\bin\management.dll
0x00007ff96a2f0000 - 0x00007ff96a2fb000 	C:\Users\tabat\.vscode\extensions\redhat.java-1.42.0-win32-x64\jre\21.0.7-win32-x86_64\bin\management_ext.dll
0x00007ff974ef0000 - 0x00007ff974ef8000 	C:\WINDOWS\System32\PSAPI.DLL
0x00007ff958170000 - 0x00007ff958188000 	C:\WINDOWS\system32\napinsp.dll
0x00007ff971ac0000 - 0x00007ff971be7000 	C:\WINDOWS\SYSTEM32\DNSAPI.dll
0x00007ff971a30000 - 0x00007ff971a63000 	C:\WINDOWS\SYSTEM32\IPHLPAPI.DLL
0x00007ff975eb0000 - 0x00007ff975eba000 	C:\WINDOWS\System32\NSI.dll
0x00007ff958150000 - 0x00007ff958162000 	C:\WINDOWS\System32\winrnr.dll
0x00007ff958110000 - 0x00007ff958140000 	C:\WINDOWS\system32\nlansp_c.dll
0x00007ff96bc00000 - 0x00007ff96bc20000 	C:\WINDOWS\system32\wshbth.dll
0x00007ff968580000 - 0x00007ff96858b000 	C:\Windows\System32\rasadhlp.dll
0x00007ff9686e0000 - 0x00007ff968766000 	C:\WINDOWS\System32\fwpuclnt.dll
0x00007ff972800000 - 0x00007ff97281c000 	C:\WINDOWS\SYSTEM32\CRYPTSP.dll
0x00007ff971f50000 - 0x00007ff971f8a000 	C:\WINDOWS\system32\rsaenh.dll
0x00007ff972600000 - 0x00007ff97262b000 	C:\WINDOWS\SYSTEM32\USERENV.dll
0x00007ff973110000 - 0x00007ff973136000 	C:\WINDOWS\SYSTEM32\bcrypt.dll
0x00007ff972820000 - 0x00007ff97282c000 	C:\WINDOWS\SYSTEM32\CRYPTBASE.dll
0x00007ff96a2d0000 - 0x00007ff96a2d9000 	C:\Users\tabat\.vscode\extensions\redhat.java-1.42.0-win32-x64\jre\21.0.7-win32-x86_64\bin\extnet.dll
0x00007ff96a2e0000 - 0x00007ff96a2ee000 	C:\Users\tabat\.vscode\extensions\redhat.java-1.42.0-win32-x64\jre\21.0.7-win32-x86_64\bin\sunmscapi.dll
0x00007ff973c50000 - 0x00007ff973dc7000 	C:\WINDOWS\System32\CRYPT32.dll
0x00007ff972a10000 - 0x00007ff972a40000 	C:\WINDOWS\SYSTEM32\ncrypt.dll
0x00007ff9729c0000 - 0x00007ff9729ff000 	C:\WINDOWS\SYSTEM32\NTASN1.dll
0x00007ff955610000 - 0x00007ff955620000 	C:\Users\tabat\.vscode\extensions\redhat.java-1.42.0-win32-x64\jre\21.0.7-win32-x86_64\bin\verify.dll
0x00007ff961c40000 - 0x00007ff961c48000 	C:\WINDOWS\system32\wshunix.dll
0x00007ff9551b0000 - 0x00007ff95533e000 	C:\Users\tabat\.vscode\extensions\redhat.java-1.42.0-win32-x64\jre\21.0.7-win32-x86_64\bin\awt.dll
0x00007ff96ca20000 - 0x00007ff96cabe000 	C:\WINDOWS\SYSTEM32\apphelp.dll
0x00007ff970520000 - 0x00007ff970556000 	C:\WINDOWS\system32\DWMAPI.DLL
0x00007ff970090000 - 0x00007ff97013f000 	C:\WINDOWS\system32\uxtheme.dll
0x00007ff94be60000 - 0x00007ff94bee7000 	C:\Users\tabat\.vscode\extensions\redhat.java-1.42.0-win32-x64\jre\21.0.7-win32-x86_64\bin\freetype.dll
0x00007ff934510000 - 0x00007ff9345eb000 	C:\Users\tabat\.vscode\extensions\redhat.java-1.42.0-win32-x64\jre\21.0.7-win32-x86_64\bin\fontmanager.dll

dbghelp: loaded successfully - version: 4.0.5 - missing functions: none
symbol engine: initialized successfully - sym options: 0x614 - pdb path: .;C:\Users\tabat\.vscode\extensions\redhat.java-1.42.0-win32-x64\jre\21.0.7-win32-x86_64\bin;C:\WINDOWS\SYSTEM32;C:\WINDOWS\WinSxS\amd64_microsoft.windows.common-controls_6595b64144ccf1df_6.0.26100.3912_none_3e07963ce335137e;C:\Users\tabat\.vscode\extensions\redhat.java-1.42.0-win32-x64\jre\21.0.7-win32-x86_64\bin\server

VM Arguments:
jvm_args: -Dcom.sun.management.jmxremote -Dcom.sun.management.jmxremote.port=53990 -Dcom.sun.management.jmxremote.authenticate=false -Dcom.sun.management.jmxremote.ssl=false -Dspring.jmx.enabled=true -Djava.rmi.server.hostname=localhost -Dspring.application.admin.enabled=true -Dspring.boot.project.name=report -XX:+ShowCodeDetailsInExceptionMessages 
java_command: com.optimumtech.api_report.report.ReportApplication
java_class_path (initial): C:\Users\tabat\OneDrive\Escritorio\AAAAAAAAAAAAAAA\OptimumTech-reporte\OptimumTech-reporte\api_report\target\classes;C:\Users\tabat\.m2\repository\org\springframework\boot\spring-boot-starter-data-jpa\3.5.0\spring-boot-starter-data-jpa-3.5.0.jar;C:\Users\tabat\.m2\repository\org\springframework\boot\spring-boot-starter\3.5.0\spring-boot-starter-3.5.0.jar;C:\Users\tabat\.m2\repository\org\springframework\boot\spring-boot-starter-logging\3.5.0\spring-boot-starter-logging-3.5.0.jar;C:\Users\tabat\.m2\repository\ch\qos\logback\logback-classic\1.5.18\logback-classic-1.5.18.jar;C:\Users\tabat\.m2\repository\ch\qos\logback\logback-core\1.5.18\logback-core-1.5.18.jar;C:\Users\tabat\.m2\repository\org\apache\logging\log4j\log4j-to-slf4j\2.24.3\log4j-to-slf4j-2.24.3.jar;C:\Users\tabat\.m2\repository\org\apache\logging\log4j\log4j-api\2.24.3\log4j-api-2.24.3.jar;C:\Users\tabat\.m2\repository\org\slf4j\jul-to-slf4j\2.0.17\jul-to-slf4j-2.0.17.jar;C:\Users\tabat\.m2\repository\jakarta\annotation\jakarta.annotation-api\2.1.1\jakarta.annotation-api-2.1.1.jar;C:\Users\tabat\.m2\repository\org\yaml\snakeyaml\2.4\snakeyaml-2.4.jar;C:\Users\tabat\.m2\repository\org\springframework\boot\spring-boot-starter-jdbc\3.5.0\spring-boot-starter-jdbc-3.5.0.jar;C:\Users\tabat\.m2\repository\com\zaxxer\HikariCP\6.3.0\HikariCP-6.3.0.jar;C:\Users\tabat\.m2\repository\org\springframework\spring-jdbc\6.2.7\spring-jdbc-6.2.7.jar;C:\Users\tabat\.m2\repository\org\hibernate\orm\hibernate-core\6.6.15.Final\hibernate-core-6.6.15.Final.jar;C:\Users\tabat\.m2\repository\jakarta\persistence\jakarta.persistence-api\3.1.0\jakarta.persistence-api-3.1.0.jar;C:\Users\tabat\.m2\repository\jakarta\transaction\jakarta.transaction-api\2.0.1\jakarta.transaction-api-2.0.1.jar;C:\Users\tabat\.m2\repository\org\jboss\logging\jboss-logging\3.6.1.Final\jboss-logging-3.6.1.Final.jar;C:\Users\tabat\.m2\repository\org\hibernate\common\hibernate-commons-annotations\7.0.3.Final\hibernate-commons-annotations-7.0.3.Final.jar;C:\Users\tabat\.m2\repository\io\smallrye\jandex\3.2.0\jandex-3.2.0.jar;C:\Users\tabat\.m2\repository\com\fasterxml\classmate\1.7.0\classmate-1.7.0.jar;C:\Users\tabat\.m2\repository\net\bytebuddy\byte-buddy\1.17.5\byte-buddy-1.17.5.jar;C:\Users\tabat\.m2\repository\org\glassfish\jaxb\jaxb-runtime\4.0.5\jaxb-runtime-4.0.5.jar;C:\Users\tabat\.m2\repository\org\glassfish\jaxb\jaxb-core\4.0.5\jaxb-core-4.0.5.jar;C:\Users\tabat\.m2\repository\org\eclipse\angus\angus-activation\2.0.2\angus-activation-2.0.2.jar;C:\Users\tabat\.m2\repository\org\glassfish\jaxb\txw2\4.0.5\txw2-4.0.5.jar;C:\Users\tabat\.m2\repository\com\sun\istack\istack-commons-runtime\4.1.2\istack-commons-runtime-4.1.2.jar;C:\Users\tabat\.m2\repository\jakarta\inject\jakarta.inject-api\2.0.1\jakarta.inject-api-2.0.1.jar;C:\Users\tabat\.m2\repository\org\antlr\antlr4-runtime\4.13.0\antlr4-runtime-4.13.0.jar;C:\Users\tabat\.m2\repository\org\springframework\data\spring-data-jpa\3.5.0\spring-data-jpa-3.5.0.jar;C:\Users\tabat\.m2\repository\org\springframework\data\spring-data-commons\3.5.0\spring-data-commons-3.5.0.jar;C:\Users\tabat\.m2\repository\org\springframework\spring-orm\6.2.7\spring-orm-6.2.7.jar;C:\Users\tabat\.m2\repository\org\springframework\spring-context\6.2.7\spring-context-6.2.7.jar;C:\Users\tabat\.m2\repository\org\springframework\spring-aop\6.2.7\spring-aop-6.2.7.jar;C:\Users\tabat\.m2\repository\org\springframework\spring-tx\6.2.7\spring-tx-6.2.7.jar;C:\Users\tabat\.m2\repository\org\springframework\spring-beans\6.2.7\spring-beans-6.2.7.jar;C:\Users\tabat\.m2\repository\org\slf4j\slf4j-api\2.0.17\slf4j-api-2.0.17.jar;C:\Users\tabat\.m2\repository\org\springframework\spring-aspects\6.2.7\spring-aspects-6.2.7.jar;C:\Users\tabat\.m2\repository\org\aspectj\aspectjweaver\1.9.24\aspectjweaver-1.9.24.jar;C:\Users\tabat\.m2\repository\org\springframework\boot\spring-boot-starter-validation\3.5.0\spring-boot-starter-validation-3.5.0.jar;C:\Users\tabat\.m2\repository\org\apache\tomcat\embed\tomcat-embed-el\10.1.41\tomcat-embed-el-10.1.41.jar;C:\Users\tabat\.m2\repository\org\hibernate\validator\hibernate-validator\8.0.2.Final\hibernate-validator-8.0.2.Final.jar;C:\Users\tabat\.m2\repository\jakarta\validation\jakarta.validation-api\3.0.2\jakarta.validation-api-3.0.2.jar;C:\Users\tabat\.m2\repository\org\springframework\boot\spring-boot-starter-web\3.5.0\spring-boot-starter-web-3.5.0.jar;C:\Users\tabat\.m2\repository\org\springframework\boot\spring-boot-starter-json\3.5.0\spring-boot-starter-json-3.5.0.jar;C:\Users\tabat\.m2\repository\com\fasterxml\jackson\datatype\jackson-datatype-jdk8\2.19.0\jackson-datatype-jdk8-2.19.0.jar;C:\Users\tabat\.m2\repository\com\fasterxml\jackson\datatype\jackson-datatype-jsr310\2.19.0\jackson-datatype-jsr310-2.19.0.jar;C:\Users\tabat\.m2\repository\com\fasterxml\jackson\module\jackson-module-parameter-names\2.19.0\jackson-module-parameter-names-2.19.0.jar;C:\Users\tabat\.m2\repository\org\springframework\boot\spring-boot-starter-tomcat\3.5.0\spring-boot-starter-tomcat-3.5.0.jar;C:\Users\tabat\.m2\repository\org\apache\tomcat\embed\tomcat-embed-core\10.1.41\tomcat-embed-core-10.1.41.jar;C:\Users\tabat\.m2\repository\org\apache\tomcat\embed\tomcat-embed-websocket\10.1.41\tomcat-embed-websocket-10.1.41.jar;C:\Users\tabat\.m2\repository\org\springframework\spring-web\6.2.7\spring-web-6.2.7.jar;C:\Users\tabat\.m2\repository\io\micrometer\micrometer-observation\1.15.0\micrometer-observation-1.15.0.jar;C:\Users\tabat\.m2\repository\io\micrometer\micrometer-commons\1.15.0\micrometer-commons-1.15.0.jar;C:\Users\tabat\.m2\repository\org\springframework\spring-webmvc\6.2.7\spring-webmvc-6.2.7.jar;C:\Users\tabat\.m2\repository\org\springframework\spring-expression\6.2.7\spring-expression-6.2.7.jar;C:\Users\tabat\.m2\repository\org\springframework\boot\spring-boot-devtools\3.5.0\spring-boot-devtools-3.5.0.jar;C:\Users\tabat\.m2\repository\org\springframework\boot\spring-boot\3.5.0\spring-boot-3.5.0.jar;C:\Users\tabat\.m2\repository\org\springframework\boot\spring-boot-autoconfigure\3.5.0\spring-boot-autoconfigure-3.5.0.jar;C:\Users\tabat\.m2\repository\com\mysql\mysql-connector-j\9.2.0\mysql-connector-j-9.2.0.jar;C:\Users\tabat\.m2\repository\org\projectlombok\lombok\1.18.38\lombok-1.18.38.jar;C:\Users\tabat\.m2\repository\jakarta\xml\bind\jakarta.xml.bind-api\4.0.2\jakarta.xml.bind-api-4.0.2.jar;C:\Users\tabat\.m2\repository\jakarta\activation\jakarta.activation-api\2.1.3\jakarta.activation-api-2.1.3.jar;C:\Users\tabat\.m2\repository\org\springframework\spring-core\6.2.7\spring-core-6.2.7.jar;C:\Users\tabat\.m2\repository\org\springframework\spring-jcl\6.2.7\spring-jcl-6.2.7.jar;C:\Users\tabat\.m2\repository\net\sf\jasperreports\jasperreports\6.21.3\jasperreports-6.21.3.jar;C:\Users\tabat\.m2\repository\commons-beanutils\commons-beanutils\1.9.4\commons-beanutils-1.9.4.jar;C:\Users\tabat\.m2\repository\commons-collections\commons-collections\3.2.2\commons-collections-3.2.2.jar;C:\Users\tabat\.m2\repository\commons-digester\commons-digester\2.1\commons-digester-2.1.jar;C:\Users\tabat\.m2\repository\commons-logging\commons-logging\1.1.1\commons-logging-1.1.1.jar;C:\Users\tabat\.m2\repository\org\apache\commons\commons-collections4\4.2\commons-collections4-4.2.jar;C:\Users\tabat\.m2\repository\com\github\librepdf\openpdf\1.3.32\openpdf-1.3.32.jar;C:\Users\tabat\.m2\repository\org\jfree\jcommon\1.0.23\jcommon-1.0.23.jar;C:\Users\tabat\.m2\repository\org\jfree\jfreechart\1.0.19\jfreechart-1.0.19.jar;C:\Users\tabat\.m2\repository\org\eclipse\jdt\ecj\3.21.0\ecj-3.21.0.jar;C:\Users\tabat\.m2\repository\com\fasterxml\jackson\core\jackson-core\2.19.0\jackson-core-2.19.0.jar;C:\Users\tabat\.m2\repository\com\fasterxml\jackson\core\jackson-databind\2.19.0\jackson-databind-2.19.0.jar;C:\Users\tabat\.m2\repository\com\fasterxml\jackson\core\jackson-annotations\2.19.0\jackson-annotations-2.19.0.jar;C:\Users\tabat\.m2\repository\com\fasterxml\jackson\dataformat\jackson-dataformat-xml\2.19.0\jackson-dataformat-xml-2.19.0.jar;C:\Users\tabat\.m2\repository\org\codehaus\woodstox\stax2-api\4.2.2\stax2-api-4.2.2.jar;C:\Users\tabat\.m2\repository\com\fasterxml\woodstox\woodstox-core\7.1.0\woodstox-core-7.1.0.jar
Launcher Type: SUN_STANDARD

[Global flags]
     intx CICompilerCount                          = 4                                         {product} {ergonomic}
     uint ConcGCThreads                            = 2                                         {product} {ergonomic}
     uint G1ConcRefinementThreads                  = 8                                         {product} {ergonomic}
   size_t G1HeapRegionSize                         = 1048576                                   {product} {ergonomic}
    uintx GCDrainStackTargetSize                   = 64                                        {product} {ergonomic}
   size_t InitialHeapSize                          = 65011712                                  {product} {ergonomic}
     bool ManagementServer                         = true                                      {product} {command line}
   size_t MarkStackSize                            = 4194304                                   {product} {ergonomic}
   size_t MaxHeapSize                              = 1021313024                                {product} {ergonomic}
   size_t MaxNewSize                               = 612368384                                 {product} {ergonomic}
   size_t MinHeapDeltaBytes                        = 1048576                                   {product} {ergonomic}
   size_t MinHeapSize                              = 8388608                                   {product} {ergonomic}
    uintx NonNMethodCodeHeapSize                   = 5839372                                {pd product} {ergonomic}
    uintx NonProfiledCodeHeapSize                  = 122909434                              {pd product} {ergonomic}
    uintx ProfiledCodeHeapSize                     = 122909434                              {pd product} {ergonomic}
    uintx ReservedCodeCacheSize                    = 251658240                              {pd product} {ergonomic}
     bool SegmentedCodeCache                       = true                                      {product} {ergonomic}
     bool ShowCodeDetailsInExceptionMessages       = true                                   {manageable} {command line}
   size_t SoftMaxHeapSize                          = 1021313024                             {manageable} {ergonomic}
     bool UseCompressedOops                        = true                           {product lp64_product} {ergonomic}
     bool UseG1GC                                  = true                                      {product} {ergonomic}
     bool UseLargePagesIndividualAllocation        = false                                  {pd product} {ergonomic}

Logging:
Log output configuration:
 #0: stdout all=warning uptime,level,tags foldmultilines=false
 #1: stderr all=off uptime,level,tags foldmultilines=false

Environment Variables:
PATH=C:\ProgramData\Oracle\Java\javapath;C:\WINDOWS\system32;C:\WINDOWS;C:\WINDOWS\System32\Wbem;C:\WINDOWS\System32\WindowsPowerShell\v1.0\;C:\WINDOWS\System32\OpenSSH\;C:\Program Files\Git\cmd;C:\Program Files\PuTTY\;C:\Users\tabat\AppData\Local\Programs\Python\Python311\Scripts\;C:\Users\tabat\AppData\Local\Programs\Python\Python311\;C:\Users\tabat\AppData\Local\Microsoft\WindowsApps;C:\Users\tabat\AppData\Local\Programs\Microsoft VS Code\bin;
USERNAME=tabat
LANG=en_US.UTF-8
OS=Windows_NT
PROCESSOR_IDENTIFIER=Intel64 Family 6 Model 126 Stepping 5, GenuineIntel
TMP=C:\Users\tabat\AppData\Local\Temp
TEMP=C:\Users\tabat\AppData\Local\Temp




Periodic native trim disabled

---------------  S Y S T E M  ---------------

OS:
 Windows 11 , 64 bit Build 26100 (10.0.26100.3912)
OS uptime: 0 days 18:58 hours

CPU: total 8 (initial active 8) (4 cores per cpu, 2 threads per core) family 6 model 126 stepping 5 microcode 0xa8, cx8, cmov, fxsr, ht, mmx, 3dnowpref, sse, sse2, sse3, ssse3, sse4.1, sse4.2, popcnt, lzcnt, tsc, tscinvbit, avx, avx2, aes, erms, clmul, bmi1, bmi2, adx, avx512f, avx512dq, avx512cd, avx512bw, avx512vl, sha, fma, vzeroupper, avx512_vpopcntdq, avx512_vpclmulqdq, avx512_vaes, avx512_vnni, clflush, clflushopt, avx512_vbmi2, avx512_vbmi, rdtscp, rdpid, fsrm, gfni, avx512_bitalg, f16c, pku, avx512_ifma
Processor Information for the first 8 processors :
  Max Mhz: 1498, Current Mhz: 1098, Mhz Limit: 1093

Memory: 4k page, system-wide physical 3891M (154M free)
TotalPageFile size 15667M (AvailPageFile size 2M)
current process WorkingSet (physical memory assigned to process): 54M, peak: 260M
current process commit charge ("private bytes"): 309M, peak: 317M

vm_info: OpenJDK 64-Bit Server VM (21.0.7+6-LTS) for windows-amd64 JRE (21.0.7+6-LTS), built on 2025-04-15T00:00:00Z by "admin" with MS VC++ 17.7 (VS2022)

END.
